#0 building with "desktop-linux" instance using docker driver

#1 [internal] load build definition from dockerfile
#1 transferring dockerfile: 481B 0.0s done
#1 DONE 0.1s

#2 [internal] load metadata for docker.io/library/node:18.20.2
#2 ...

#3 [auth] library/node:pull token for registry-1.docker.io
#3 DONE 0.0s

#2 [internal] load metadata for docker.io/library/node:18.20.2
#2 DONE 1.8s

#4 [internal] load .dockerignore
#4 transferring context: 2B 0.0s done
#4 DONE 0.0s

#5 [internal] load build context
#5 transferring context: 710B 0.1s done
#5 DONE 0.1s

#6 [1/6] FROM docker.io/library/node:18.20.2@sha256:5bac3a1edff13e76586b8eaef1d411fcd80e4f18cce5bc40ea6993245e0721ec
#6 resolve docker.io/library/node:18.20.2@sha256:5bac3a1edff13e76586b8eaef1d411fcd80e4f18cce5bc40ea6993245e0721ec 0.1s done
#6 CACHED

#7 [2/6] RUN apt-get update &&     apt-get install -y python3 make g++ &&     rm -rf /var/lib/apt/lists/*
#7 1.242 Get:1 http://deb.debian.org/debian bookworm InRelease [151 kB]
#7 1.335 Get:2 http://deb.debian.org/debian bookworm-updates InRelease [55.4 kB]
#7 1.390 Get:3 http://deb.debian.org/debian-security bookworm-security InRelease [48.0 kB]
#7 1.651 Get:4 http://deb.debian.org/debian bookworm/main amd64 Packages [8792 kB]
#7 3.665 Get:5 http://deb.debian.org/debian bookworm-updates/main amd64 Packages [512 B]
#7 3.670 Get:6 http://deb.debian.org/debian-security bookworm-security/main amd64 Packages [258 kB]
#7 5.668 Fetched 9305 kB in 5s (2020 kB/s)
#7 5.668 Reading package lists...
#7 7.291 Reading package lists...
#7 8.607 Building dependency tree...
#7 8.981 Reading state information...
#7 9.947 python3 is already the newest version (3.11.2-1+b1).
#7 9.947 python3 set to manually installed.
#7 9.947 make is already the newest version (4.3-4.1).
#7 9.947 g++ is already the newest version (4:12.2.0-3).
#7 9.947 0 upgraded, 0 newly installed, 0 to remove and 111 not upgraded.
#7 DONE 10.0s

#8 [3/6] WORKDIR /app
#8 DONE 0.1s

#9 [4/6] COPY package.json .
#9 DONE 0.1s

#10 [5/6] RUN npm install --force     @tensorflow/tfjs-node@3.18.0     @tensorflow/tfjs@3.18.0     @tensorflow-models/universal-sentence-encoder@1.3.3     --build-from-source
#10 1.399 npm WARN using --force Recommended protections disabled.
#10 42.66 npm WARN deprecated inflight@1.0.6: This module is not supported, and leaks memory. Do not use it. Check out lru-cache if you want a good and tested way to coalesce async requests by a key value, which is much more comprehensive and powerful.
#10 42.91 npm WARN deprecated rimraf@2.7.1: Rimraf versions prior to v4 are no longer supported
#10 44.26 npm WARN deprecated npmlog@4.1.2: This package is no longer supported.
#10 44.26 npm WARN deprecated rimraf@3.0.2: Rimraf versions prior to v4 are no longer supported
#10 44.68 npm WARN deprecated are-we-there-yet@1.1.7: This package is no longer supported.
#10 48.21 npm WARN deprecated glob@7.2.3: Glob versions prior to v9 are no longer supported
#10 49.02 npm WARN deprecated gauge@2.7.4: This package is no longer supported.
